
   ██████╗ ██████╗   █████╗ ███████╗████████╗
  ██╔════╝ ██╔══██╗ ██╔══██╗██╔════╝╚══██╔══╝
  ██║      ██████╔╝███████║█████╗     ██║   
  ██║      ██╔══██╗██╔══██║██╔══╝     ██║   
  ╚██████╗ ██║  ██║██║  ██║██║        ██║   
   ╚═════╝ ╚═╝  ╚═╝╚═╝  ╚═╝╚═╝        ╚═╝   

CRAFT - v1.3.0

========================================================================================
Log Generated:            2025-06-30 17:18:37
Experiment Run Name:      E2E_Reaction_Opt_regression_20250630_170931
Run Configuration:        experiment_name=E2E_Reaction_Opt, task_type=regression,
                           split_mode=cross_validation, data.source_mode=single_file, 
                           data.single_file_config.main_file_path=data/reactions_with_
                           features.csv,
                           data.single_file_config.smiles_col=['Reactant1',
                           'Reactant2', 'Ligand'],
                           data.single_file_config.target_col=ee, data.single_file_con
                           fig.precomputed_features.feature_columns=5:,
                           training.models_to_run=[12 items], training.n_trials=100,
                           training.quiet_optuna=True,
                           features.per_smiles_col_generators.Reactant1=[{'type':
                           'maccs'}],
                           features.per_smiles_col_generators.Reactant2=[{'type':
                           'maccs'}],
                           features.per_smiles_col_generators.Ligand=[{'type':
                           'rdkit_descriptors'}], features.scaling=True,
                           split_config.cross_validation.n_splits=10,
                           split_config.cross_validation.test_size_for_cv=0.02,
                           split_config.cross_validation.random_state=42
----------------------------------------------------------------------------------------
Model Trained:            RIDGE
Task Type:                regression
Feature Concatenation:    Temp (1 features) -> catalyst (12 features) -> base (9
                           features) -> solvent (13 features) -> maccs (334 features)
                           -> rdkit_descriptors (18 features) -> BCUT2D (8 features)
                           -> rdkit_descriptors (21 features) -> PEOE (14 features) ->
                           SMR (10 features) -> SlogP (12 features) ->
                           rdkit_descriptors (1 features) -> EState (11 features) ->
                           VSA (10 features) -> rdkit_descriptors (27 features) -> fr
                           (85 features)

--- Data & Split Information ---
Training Set Dimensions:  30 samples x 586 features
HPO Method:               CV HPO
CV Folds:                 10
Test Set Dimensions:      1 samples x 586 features
========================================================================================

--- Hyperparameter Optimization (Optuna) ---
Best HPO Score (R²): -18.6625
  Scores from individual HPO folds: [-59.6632, 0.3180, 0.7213, -127.0241, 0.6640, -0.4194, 0.0000, -1.2917, -0.0374, 0.1076]

Best Hyperparameters Found:
{
    "alpha": 99.50405345030262
}

========================================================================================

--- Cross-Validation Fold Performance (on Training Set) ---
| Fold   |      R²      |     RMSE     |     MAE      |
|--------|--------------|--------------|--------------|
| 1      | -59.6632       | 25.7013       | 16.7680       |
| 2      | 0.3180       | 8.7658       | 7.2926       |
| 3      | 0.7213       | 11.2423       | 7.7604       |
| 4      | -127.0241       | 43.6593       | 26.3882       |
| 5      | 0.6640       | 21.5127       | 18.4598       |
| 6      | -0.4194       | 22.4653       | 13.6948       |
| 7      | 0.0000       | 2.8455       | 2.7647       |
| 8      | -1.2917       | 107.4992       | 69.4706       |
| 9      | -0.0374       | 38.4111       | 24.1970       |
| 10     | 0.1076       | 2.3564       | 2.0147       |
|--------|--------------|--------------|--------------|
| MEAN   | -18.6625       | 28.4459       | 18.8811       |
| STD    | 42.4459       | 31.0749       | 19.6571       |
|--------|--------------|--------------|--------------|

========================================================================================

--- Final Model Performance (on pre-defined splits) ---
| Metric                    |    Train Set    | Validation Set  |    Test Set     |
|---------------------------|-----------------|-----------------|-----------------|
| R²                        |     0.7552      |       N/A       |       nan       |
| RMSE                      |     19.6174     |       N/A       |     0.6429      |
| MAE                       |     8.8373      |       N/A       |     0.6429      |
|---------------------------|-----------------|-----------------|-----------------|

========================================================================================

Model-Specific Runtime (HPO, Fit, Eval): 1.43 seconds

*** End of CRAFT Log for this Model ***