
   ██████╗ ██████╗   █████╗ ███████╗████████╗
  ██╔════╝ ██╔══██╗ ██╔══██╗██╔════╝╚══██╔══╝
  ██║      ██████╔╝███████║█████╗     ██║   
  ██║      ██╔══██╗██╔══██║██╔══╝     ██║   
  ╚██████╗ ██║  ██║██║  ██║██║        ██║   
   ╚═════╝ ╚═╝  ╚═╝╚═╝  ╚═╝╚═╝        ╚═╝   

Chemical Representation and Analysis for Functional Targets (CRAFT) - v1.1.1

========================================================================================
Log Generated:            2025-06-25 01:24:30
Experiment Run Name:      S17_regression_20250625_011433
Run Configuration:        experiment_name=S17, task_type=regression,
                           split_mode=train_valid_test, data.source_mode=single_file, 
                           data.single_file_config.main_file_path=data/reactions_with_
                           features.csv,
                           data.single_file_config.smiles_col=['Reactant1',
                           'Reactant2', 'Ligand'],
                           data.single_file_config.target_col=ee, data.single_file_con
                           fig.precomputed_features.feature_columns=4:39,
                           training.models_to_run=[11 items], training.n_trials=100,
                           training.quiet_optuna=True,
                           features.per_smiles_col_generators.Reactant1=[{'type':
                           'maccs'}],
                           features.per_smiles_col_generators.Reactant2=[{'type':
                           'maccs'}],
                           features.per_smiles_col_generators.Ligand=[{'type':
                           'maccs'}, {'type': 'unimol', 'model_version': 'v2',
                           'model_size': '84m'}], features.scaling=True,
                           split_config.train_valid_test.train_size=0.9,
                           split_config.train_valid_test.valid_size=0.05,
                           split_config.train_valid_test.test_size=0.05,
                           split_config.train_valid_test.random_state=42
----------------------------------------------------------------------------------------
Model Trained:            LGBM
Task Type:                regression
Feature Concatenation:    Temp (1 features) -> catalyst (12 features) -> base (9
                           features) -> solvent (13 features) -> maccs (501 features)
                           -> unimol (768 features)

--- Data & Split Information ---
Training Set Dimensions:  20 samples x 1304 features
Validation Set Dimensions: 2 samples x 1304 features
HPO Method:               Hold-out Validation
Test Set Dimensions:      2 samples x 1304 features
========================================================================================

--- Hyperparameter Optimization (Optuna) ---
Best HPO Score (R²): -1.0650
  Scores from individual CV folds: [-1.0650]

Best Hyperparameters Found:
{
    "n_estimators": 300,
    "learning_rate": 0.0018408992080552514,
    "num_leaves": 24,
    "min_child_samples": 45,
    "subsample": 0.8404460046972835,
    "colsample_bytree": 0.8832290311184181,
    "reg_alpha": 0.01083858126934475,
    "reg_lambda": 0.44447541666908114
}

========================================================================================

--- Final Model Performance ---
| Metric                    |    Train Set    | Validation Set  |    Test Set     |
|---------------------------|-----------------|-----------------|-----------------|
| R²                        |     0.0000      |     -1.0650     |     -0.1722     |
| RMSE                      |     44.7766     |     17.9627     |     43.3077     |
| MAE                       |     30.3600     |     12.9000     |     40.0000     |
|---------------------------|-----------------|-----------------|-----------------|

========================================================================================

Model-Specific Runtime (HPO, Fit, Eval): 8.17 seconds

*** End of CRAFT Log for this Model ***