
   ██████╗ ██████╗   █████╗ ███████╗████████╗
  ██╔════╝ ██╔══██╗ ██╔══██╗██╔════╝╚══██╔══╝
  ██║      ██████╔╝███████║█████╗     ██║   
  ██║      ██╔══██╗██╔══██║██╔══╝     ██║   
  ╚██████╗ ██║  ██║██║  ██║██║        ██║   
   ╚═════╝ ╚═╝  ╚═╝╚═╝  ╚═╝╚═╝        ╚═╝   

Chemical Representation and Analysis for Functional Targets (CRAFT) - v1.1.1

========================================================================================
Log Generated:            2025-06-25 10:49:47
Experiment Run Name:      S17_regression_20250625_104718
Run Configuration:        experiment_name=S17, task_type=regression,
                           split_mode=train_valid_test, data.source_mode=single_file, 
                           data.single_file_config.main_file_path=data/reactions_with_
                           features.csv,
                           data.single_file_config.smiles_col=['Reactant1',
                           'Reactant2', 'Ligand'],
                           data.single_file_config.target_col=ee, data.single_file_con
                           fig.precomputed_features.feature_columns=4:39,
                           training.models_to_run=[11 items], training.n_trials=100,
                           training.quiet_optuna=True,
                           features.per_smiles_col_generators.Reactant1=[{'type':
                           'maccs'}],
                           features.per_smiles_col_generators.Reactant2=[{'type':
                           'maccs'}],
                           features.per_smiles_col_generators.Ligand=[{'type':
                           'maccs'}], features.scaling=True,
                           split_config.train_valid_test.train_size=0.9,
                           split_config.train_valid_test.valid_size=0.05,
                           split_config.train_valid_test.test_size=0.05,
                           split_config.train_valid_test.random_state=42
----------------------------------------------------------------------------------------
Model Trained:            HISTGRADIENTBOOSTING
Task Type:                regression
Feature Concatenation:    Temp (1 features) -> catalyst (12 features) -> base (9
                           features) -> solvent (13 features) -> maccs (501 features)

--- Data & Split Information ---
Training Set Dimensions:  20 samples x 536 features
Validation Set Dimensions: 2 samples x 536 features
HPO Method:               Hold-out Validation
Test Set Dimensions:      2 samples x 536 features
========================================================================================

--- Hyperparameter Optimization (Optuna) ---
Best HPO Score (R²): -1.0650
  Scores from individual CV folds: [-1.0650]

Best Hyperparameters Found:
{
    "max_iter": 200,
    "max_depth": 8,
    "learning_rate": 0.0023102018878452934,
    "l2_regularization": 5.415244119402541e-06,
    "n_iter_no_change": 20
}

========================================================================================

--- Final Model Performance ---
| Metric                    |    Train Set    | Validation Set  |    Test Set     |
|---------------------------|-----------------|-----------------|-----------------|
| R²                        |     0.0000      |     -1.0650     |     -0.1722     |
| RMSE                      |     44.7766     |     17.9627     |     43.3077     |
| MAE                       |     30.3600     |     12.9000     |     40.0000     |
|---------------------------|-----------------|-----------------|-----------------|

========================================================================================

Model-Specific Runtime (HPO, Fit, Eval): 17.81 seconds

*** End of CRAFT Log for this Model ***