
   ██████╗ ██████╗   █████╗ ███████╗████████╗
  ██╔════╝ ██╔══██╗ ██╔══██╗██╔════╝╚══██╔══╝
  ██║      ██████╔╝███████║█████╗     ██║   
  ██║      ██╔══██╗██╔══██║██╔══╝     ██║   
  ╚██████╗ ██║  ██║██║  ██║██║        ██║   
   ╚═════╝ ╚═╝  ╚═╝╚═╝  ╚═╝╚═╝        ╚═╝   

Chemical Representation and Analysis for Functional Targets (CRAFT) - v1.1.1

========================================================================================
Log Generated:            2025-06-25 01:26:03
Experiment Run Name:      S17_regression_20250625_011433
Run Configuration:        experiment_name=S17, task_type=regression,
                           split_mode=train_valid_test, data.source_mode=single_file, 
                           data.single_file_config.main_file_path=data/reactions_with_
                           features.csv,
                           data.single_file_config.smiles_col=['Reactant1',
                           'Reactant2', 'Ligand'],
                           data.single_file_config.target_col=ee, data.single_file_con
                           fig.precomputed_features.feature_columns=4:39,
                           training.models_to_run=[11 items], training.n_trials=100,
                           training.quiet_optuna=True,
                           features.per_smiles_col_generators.Reactant1=[{'type':
                           'maccs'}],
                           features.per_smiles_col_generators.Reactant2=[{'type':
                           'maccs'}],
                           features.per_smiles_col_generators.Ligand=[{'type':
                           'maccs'}, {'type': 'unimol', 'model_version': 'v2',
                           'model_size': '84m'}], features.scaling=True,
                           split_config.train_valid_test.train_size=0.9,
                           split_config.train_valid_test.valid_size=0.05,
                           split_config.train_valid_test.test_size=0.05,
                           split_config.train_valid_test.random_state=42
----------------------------------------------------------------------------------------
Model Trained:            ADABOOST
Task Type:                regression
Feature Concatenation:    Temp (1 features) -> catalyst (12 features) -> base (9
                           features) -> solvent (13 features) -> maccs (501 features)
                           -> unimol (768 features)

--- Data & Split Information ---
Training Set Dimensions:  20 samples x 1304 features
Validation Set Dimensions: 2 samples x 1304 features
HPO Method:               Hold-out Validation
Test Set Dimensions:      2 samples x 1304 features
========================================================================================

--- Hyperparameter Optimization (Optuna) ---
Best HPO Score (R²): 0.8028
  Scores from individual CV folds: [0.8028]

Best Hyperparameters Found:
{
    "n_estimators": 61,
    "learning_rate": 0.5205060020017485,
    "loss": "exponential"
}

========================================================================================

--- Final Model Performance ---
| Metric                    |    Train Set    | Validation Set  |    Test Set     |
|---------------------------|-----------------|-----------------|-----------------|
| R²                        |     0.9937      |     0.8028      |     0.8938      |
| RMSE                      |     3.5483      |     5.5505      |     13.0384     |
| MAE                       |     2.6937      |     5.4123      |     11.0000     |
|---------------------------|-----------------|-----------------|-----------------|

========================================================================================

Model-Specific Runtime (HPO, Fit, Eval): 16.69 seconds

*** End of CRAFT Log for this Model ***