
   ██████╗ ██████╗   █████╗ ███████╗████████╗
  ██╔════╝ ██╔══██╗ ██╔══██╗██╔════╝╚══██╔══╝
  ██║      ██████╔╝███████║█████╗     ██║   
  ██║      ██╔══██╗██╔══██║██╔══╝     ██║   
  ╚██████╗ ██║  ██║██║  ██║██║        ██║   
   ╚═════╝ ╚═╝  ╚═╝╚═╝  ╚═╝╚═╝        ╚═╝   

CRAFT - v1.3.0

========================================================================================
Log Generated:            2025-06-30 17:14:03
Experiment Run Name:      E2E_Reaction_Opt_regression_20250630_170931
Run Configuration:        experiment_name=E2E_Reaction_Opt, task_type=regression,
                           split_mode=cross_validation, data.source_mode=single_file, 
                           data.single_file_config.main_file_path=data/reactions_with_
                           features.csv,
                           data.single_file_config.smiles_col=['Reactant1',
                           'Reactant2', 'Ligand'],
                           data.single_file_config.target_col=ee, data.single_file_con
                           fig.precomputed_features.feature_columns=5:,
                           training.models_to_run=[12 items], training.n_trials=100,
                           training.quiet_optuna=True,
                           features.per_smiles_col_generators.Reactant1=[{'type':
                           'maccs'}],
                           features.per_smiles_col_generators.Reactant2=[{'type':
                           'maccs'}],
                           features.per_smiles_col_generators.Ligand=[{'type':
                           'rdkit_descriptors'}], features.scaling=True,
                           split_config.cross_validation.n_splits=10,
                           split_config.cross_validation.test_size_for_cv=0.02,
                           split_config.cross_validation.random_state=42
----------------------------------------------------------------------------------------
Model Trained:            HISTGRADIENTBOOSTING
Task Type:                regression
Feature Concatenation:    Temp (1 features) -> catalyst (12 features) -> base (9
                           features) -> solvent (13 features) -> maccs (334 features)
                           -> rdkit_descriptors (18 features) -> BCUT2D (8 features)
                           -> rdkit_descriptors (21 features) -> PEOE (14 features) ->
                           SMR (10 features) -> SlogP (12 features) ->
                           rdkit_descriptors (1 features) -> EState (11 features) ->
                           VSA (10 features) -> rdkit_descriptors (27 features) -> fr
                           (85 features)

--- Data & Split Information ---
Training Set Dimensions:  30 samples x 586 features
HPO Method:               CV HPO
CV Folds:                 10
Test Set Dimensions:      1 samples x 586 features
========================================================================================

--- Hyperparameter Optimization (Optuna) ---
Best HPO Score (R²): -13.1424
  Scores from individual HPO folds: [-42.3784, -1.3259, -0.0012, -19.4951, -0.0673, -0.1115, 0.0000, -1.3047, -0.0510, -66.6887]

Best Hyperparameters Found:
{
    "max_iter": 200,
    "max_depth": 8,
    "learning_rate": 0.0023102018878452934,
    "l2_regularization": 5.415244119402541e-06,
    "n_iter_no_change": 20
}

========================================================================================

--- Cross-Validation Fold Performance (on Training Set) ---
| Fold   |      R²      |     RMSE     |     MAE      |
|--------|--------------|--------------|--------------|
| 1      | -42.3784       | 21.7335       | 21.4815       |
| 2      | -1.3259       | 16.1879       | 14.0741       |
| 3      | -0.0012       | 21.3097       | 20.0247       |
| 4      | -19.4951       | 17.4685       | 17.0370       |
| 5      | -0.0673       | 38.3443       | 31.6790       |
| 6      | -0.1115       | 19.8796       | 19.8765       |
| 7      | 0.0000       | 21.1111       | 21.1111       |
| 8      | -1.3047       | 107.8039       | 81.1111       |
| 9      | -0.0510       | 38.6625       | 32.7160       |
| 10     | -66.6887       | 20.5225       | 20.3704       |
|--------|--------------|--------------|--------------|
| MEAN   | -13.1424       | 32.3024       | 27.9481       |
| STD    | 23.3325       | 27.7048       | 19.5744       |
|--------|--------------|--------------|--------------|

========================================================================================

--- Final Model Performance (on pre-defined splits) ---
| Metric                    |    Train Set    | Validation Set  |    Test Set     |
|---------------------------|-----------------|-----------------|-----------------|
| R²                        |     0.0000      |       N/A       |       nan       |
| RMSE                      |     39.6468     |       N/A       |     18.0000     |
| MAE                       |     26.3333     |       N/A       |     18.0000     |
|---------------------------|-----------------|-----------------|-----------------|

========================================================================================

Model-Specific Runtime (HPO, Fit, Eval): 237.03 seconds

*** End of CRAFT Log for this Model ***