2025-06-30 19:18:08,528 - CRAFT Reaction Optimizer Started (Optimization Only)
2025-06-30 19:18:08,528 - Output will be saved to: output/optimization_only_20250630_191808
2025-06-30 19:18:08,569 - --------------------------------------------------
2025-06-30 19:18:08,570 - Initializing optimization components...
2025-06-30 19:18:08,581 - --------------------------------------------------
2025-06-30 19:18:08,581 - Starting Bayesian optimization...
2025-06-30 19:18:11,759 - ==================================================
2025-06-30 19:18:11,759 - Top Optimized Conditions:
2025-06-30 19:18:11,769 - 
    predicted_ee                                             Ligand
0      89.364281                         N[C@@H](CN1CCCCC1)C(C)(C)C
21     76.052330                       N[C@H](CCCC1)[C@@H]1N2CCCCC2
8      68.946259      N[C@H]([C@@H](N(CC)CC)C1=CC=CC=C1)C2=CC=CC=C2
9      61.162041         N[C@H](C1=CC=CC=C1)[C@H](N(C)C)C2=CC=CC=C2
20     57.683201      N[C@H]([C@@H](N1CCCC1)C2=CC=CC=C2)C3=CC=CC=C3
13     53.263245             N[C@H](C1=CC=CC=C1)[C@H](N)C2=CC=CC=C2
4      44.579971                            CN[C@H]1[C@@H](CCCC1)NC
10     42.257652                        N[C@H]1[C@@H](CCCC1)N2CCCC2
5      40.188419     N[C@H](C1=CC=CC=C1)[C@@H](C2=CC=CC=C2)N3CCCCC3
2      36.410164  N[C@H]([C@@H](NS(=O)(C)=O)C1=CC=CC=C1)C2=CC=CC=C2
2025-06-30 19:18:11,771 - 
Results saved to: output/optimization_only_20250630_191808/top_10_optimized_conditions.csv
