
   ██████╗ ██████╗   █████╗ ███████╗████████╗
  ██╔════╝ ██╔══██╗ ██╔══██╗██╔════╝╚══██╔══╝
  ██║      ██████╔╝███████║█████╗     ██║   
  ██║      ██╔══██╗██╔══██║██╔══╝     ██║   
  ╚██████╗ ██║  ██║██║  ██║██║        ██║   
   ╚═════╝ ╚═╝  ╚═╝╚═╝  ╚═╝╚═╝        ╚═╝   

CRAFT - v1.3.0

========================================================================================
Log Generated:            2025-06-30 17:09:51
Experiment Run Name:      E2E_Reaction_Opt_regression_20250630_170931
Run Configuration:        experiment_name=E2E_Reaction_Opt, task_type=regression,
                           split_mode=cross_validation, data.source_mode=single_file, 
                           data.single_file_config.main_file_path=data/reactions_with_
                           features.csv,
                           data.single_file_config.smiles_col=['Reactant1',
                           'Reactant2', 'Ligand'],
                           data.single_file_config.target_col=ee, data.single_file_con
                           fig.precomputed_features.feature_columns=5:,
                           training.models_to_run=[12 items], training.n_trials=100,
                           training.quiet_optuna=True,
                           features.per_smiles_col_generators.Reactant1=[{'type':
                           'maccs'}],
                           features.per_smiles_col_generators.Reactant2=[{'type':
                           'maccs'}],
                           features.per_smiles_col_generators.Ligand=[{'type':
                           'rdkit_descriptors'}], features.scaling=True,
                           split_config.cross_validation.n_splits=10,
                           split_config.cross_validation.test_size_for_cv=0.02,
                           split_config.cross_validation.random_state=42
----------------------------------------------------------------------------------------
Model Trained:            XGBOOST
Task Type:                regression
Feature Concatenation:    Temp (1 features) -> catalyst (12 features) -> base (9
                           features) -> solvent (13 features) -> maccs (334 features)
                           -> rdkit_descriptors (18 features) -> BCUT2D (8 features)
                           -> rdkit_descriptors (21 features) -> PEOE (14 features) ->
                           SMR (10 features) -> SlogP (12 features) ->
                           rdkit_descriptors (1 features) -> EState (11 features) ->
                           VSA (10 features) -> rdkit_descriptors (27 features) -> fr
                           (85 features)

--- Data & Split Information ---
Training Set Dimensions:  30 samples x 586 features
HPO Method:               CV HPO
CV Folds:                 10
Test Set Dimensions:      1 samples x 586 features
========================================================================================

--- Hyperparameter Optimization (Optuna) ---
Best HPO Score (R²): -0.9866
  Scores from individual HPO folds: [0.9356, 0.6147, 0.8884, -12.7306, 0.9558, -0.0039, 0.0000, -0.9233, 0.4459, -0.0485]

Best Hyperparameters Found:
{
    "n_estimators": 1200,
    "learning_rate": 0.12327448021640951,
    "max_depth": 6,
    "min_child_weight": 3,
    "gamma": 0.24896103920278248,
    "subsample": 0.6784590151972076,
    "colsample_bytree": 0.6216506566638696,
    "reg_alpha": 0.00013125878013136953,
    "reg_lambda": 1.2247985254125829e-08
}

========================================================================================

--- Cross-Validation Fold Performance (on Training Set) ---
| Fold   |      R²      |     RMSE     |     MAE      |
|--------|--------------|--------------|--------------|
| 1      | 0.9356       | 0.8373       | 0.6360       |
| 2      | 0.6147       | 6.5883       | 5.5022       |
| 3      | 0.8884       | 7.1138       | 6.3327       |
| 4      | -12.7306       | 14.2980       | 13.9266       |
| 5      | 0.9558       | 7.8043       | 7.2309       |
| 6      | -0.0039       | 18.8926       | 17.8001       |
| 7      | 0.0000       | 1.2082       | 1.2082       |
| 8      | -0.9233       | 98.4804       | 64.3097       |
| 9      | 0.4459       | 28.0721       | 20.3906       |
| 10     | -0.0485       | 2.5542       | 2.2933       |
|--------|--------------|--------------|--------------|
| MEAN   | -0.9866       | 18.5849       | 13.9630       |
| STD    | 4.1679       | 29.3587       | 18.9808       |
|--------|--------------|--------------|--------------|

========================================================================================

--- Final Model Performance (on pre-defined splits) ---
| Metric                    |    Train Set    | Validation Set  |    Test Set     |
|---------------------------|-----------------|-----------------|-----------------|
| R²                        |     0.9997      |       N/A       |       nan       |
| RMSE                      |     0.6399      |       N/A       |     0.5352      |
| MAE                       |     0.3430      |       N/A       |     0.5352      |
|---------------------------|-----------------|-----------------|-----------------|

========================================================================================

Model-Specific Runtime (HPO, Fit, Eval): 18.34 seconds

*** End of CRAFT Log for this Model ***