
   ██████╗ ██████╗   █████╗ ███████╗████████╗
  ██╔════╝ ██╔══██╗ ██╔══██╗██╔════╝╚══██╔══╝
  ██║      ██████╔╝███████║█████╗     ██║   
  ██║      ██╔══██╗██╔══██║██╔══╝     ██║   
  ╚██████╗ ██║  ██║██║  ██║██║        ██║   
   ╚═════╝ ╚═╝  ╚═╝╚═╝  ╚═╝╚═╝        ╚═╝   

CRAFT - v1.3.0

========================================================================================
Log Generated:            2025-06-30 17:10:03
Experiment Run Name:      E2E_Reaction_Opt_regression_20250630_170931
Run Configuration:        experiment_name=E2E_Reaction_Opt, task_type=regression,
                           split_mode=cross_validation, data.source_mode=single_file, 
                           data.single_file_config.main_file_path=data/reactions_with_
                           features.csv,
                           data.single_file_config.smiles_col=['Reactant1',
                           'Reactant2', 'Ligand'],
                           data.single_file_config.target_col=ee, data.single_file_con
                           fig.precomputed_features.feature_columns=5:,
                           training.models_to_run=[12 items], training.n_trials=100,
                           training.quiet_optuna=True,
                           features.per_smiles_col_generators.Reactant1=[{'type':
                           'maccs'}],
                           features.per_smiles_col_generators.Reactant2=[{'type':
                           'maccs'}],
                           features.per_smiles_col_generators.Ligand=[{'type':
                           'rdkit_descriptors'}], features.scaling=True,
                           split_config.cross_validation.n_splits=10,
                           split_config.cross_validation.test_size_for_cv=0.02,
                           split_config.cross_validation.random_state=42
----------------------------------------------------------------------------------------
Model Trained:            LGBM
Task Type:                regression
Feature Concatenation:    Temp (1 features) -> catalyst (12 features) -> base (9
                           features) -> solvent (13 features) -> maccs (334 features)
                           -> rdkit_descriptors (18 features) -> BCUT2D (8 features)
                           -> rdkit_descriptors (21 features) -> PEOE (14 features) ->
                           SMR (10 features) -> SlogP (12 features) ->
                           rdkit_descriptors (1 features) -> EState (11 features) ->
                           VSA (10 features) -> rdkit_descriptors (27 features) -> fr
                           (85 features)

--- Data & Split Information ---
Training Set Dimensions:  30 samples x 586 features
HPO Method:               CV HPO
CV Folds:                 10
Test Set Dimensions:      1 samples x 586 features
========================================================================================

--- Hyperparameter Optimization (Optuna) ---
Best HPO Score (R²): -6.0092
  Scores from individual HPO folds: [-40.0276, -1.3558, 0.2976, -17.9567, 0.3106, -0.0000, 0.0000, -1.3047, 0.6301, -0.6859]

Best Hyperparameters Found:
{
    "n_estimators": 100,
    "learning_rate": 0.03814694636424542,
    "num_leaves": 93,
    "min_child_samples": 11,
    "subsample": 0.6386934834415707,
    "colsample_bytree": 0.9226916770381399,
    "reg_alpha": 0.018111611176774844,
    "reg_lambda": 0.3687582756468219
}

========================================================================================

--- Cross-Validation Fold Performance (on Training Set) ---
| Fold   |      R²      |     RMSE     |     MAE      |
|--------|--------------|--------------|--------------|
| 1      | -40.0276       | 21.1363       | 20.6760       |
| 2      | -1.3558       | 16.2918       | 13.8523       |
| 3      | 0.2976       | 17.8489       | 17.0839       |
| 4      | -17.9567       | 16.8001       | 16.6768       |
| 5      | 0.3106       | 30.8161       | 26.6366       |
| 6      | -0.0000       | 18.8563       | 17.8015       |
| 7      | 0.0000       | 2.8563       | 2.8563       |
| 8      | -1.3047       | 107.8039       | 81.1111       |
| 9      | 0.6301       | 22.9379       | 15.0378       |
| 10     | -0.6859       | 3.2388       | 2.9108       |
|--------|--------------|--------------|--------------|
| MEAN   | -6.0092       | 25.8587       | 21.4643       |
| STD    | 13.1999       | 29.9962       | 22.1870       |
|--------|--------------|--------------|--------------|

========================================================================================

--- Final Model Performance (on pre-defined splits) ---
| Metric                    |    Train Set    | Validation Set  |    Test Set     |
|---------------------------|-----------------|-----------------|-----------------|
| R²                        |     0.3154      |       N/A       |       nan       |
| RMSE                      |     32.8029     |       N/A       |     1.4275      |
| MAE                       |     17.4001     |       N/A       |     1.4275      |
|---------------------------|-----------------|-----------------|-----------------|

========================================================================================

Model-Specific Runtime (HPO, Fit, Eval): 12.03 seconds

*** End of CRAFT Log for this Model ***